<?xml version="1.0" encoding="UTF-8"?>
<testng-results ignored="0" total="1" passed="1" failed="0" skipped="0">
  <reporter-output>
  </reporter-output>
  <suite started-at="2024-09-28T15:52:03 IST" name="Surefire suite" finished-at="2024-09-28T15:52:11 IST" duration-ms="7593">
    <groups>
    </groups>
    <test started-at="2024-09-28T15:52:03 IST" name="Surefire test" finished-at="2024-09-28T15:52:11 IST" duration-ms="7593">
      <class name="tests.StoresInfoTest">
        <test-method signature="StoresInfo()[pri:0, instance:tests.StoresInfoTest@29176cc1]" started-at="2024-09-28T15:52:03 IST" name="StoresInfo" finished-at="2024-09-28T15:52:11 IST" duration-ms="7078" status="PASS">
          <reporter-output>
          </reporter-output>
        </test-method> <!-- StoresInfo -->
        <test-method is-config="true" signature="tearDown()[pri:0, instance:tests.StoresInfoTest@29176cc1]" started-at="2024-09-28T15:52:11 IST" name="tearDown" finished-at="2024-09-28T15:52:11 IST" duration-ms="417" status="PASS">
          <reporter-output>
          </reporter-output>
        </test-method> <!-- tearDown -->
      </class> <!-- tests.StoresInfoTest -->
    </test> <!-- Surefire test -->
  </suite> <!-- Surefire suite -->
</testng-results>
