<?xml version="1.0" encoding="UTF-8"?>
<testng-results ignored="0" total="1" passed="1" failed="0" skipped="0">
  <reporter-output>
  </reporter-output>
  <suite started-at="2024-09-28T16:02:59 IST" name="Default suite" finished-at="2024-09-28T16:03:05 IST" duration-ms="6184">
    <groups>
    </groups>
    <test started-at="2024-09-28T16:02:59 IST" name="Default test" finished-at="2024-09-28T16:03:05 IST" duration-ms="6184">
      <class name="tests.StoresInfoTest">
        <test-method signature="StoresInfo()[pri:0, instance:tests.StoresInfoTest@2af004b]" started-at="2024-09-28T16:02:59 IST" name="StoresInfo" finished-at="2024-09-28T16:03:05 IST" duration-ms="5748" status="PASS">
          <reporter-output>
          </reporter-output>
        </test-method> <!-- StoresInfo -->
        <test-method is-config="true" signature="tearDown()[pri:0, instance:tests.StoresInfoTest@2af004b]" started-at="2024-09-28T16:03:05 IST" name="tearDown" finished-at="2024-09-28T16:03:05 IST" duration-ms="335" status="PASS">
          <reporter-output>
          </reporter-output>
        </test-method> <!-- tearDown -->
      </class> <!-- tests.StoresInfoTest -->
    </test> <!-- Default test -->
  </suite> <!-- Default suite -->
</testng-results>
